[0m[[0mdebug[0m] [0mRunning TaskDef(steps.Trainline, org.scalatest.tools.Framework$$anon$1@34abe639, false, [SuiteSelector])[0m
[0m[[0mdebug[0m] [0mRunning TaskDef(steps.NegativeTrainline, org.scalatest.tools.Framework$$anon$1@34abe639, false, [SuiteSelector])[0m
[0m[[0minfo[0m] [0mScalaTest[0m
[0m[[0minfo[0m] [0m[36mRun completed in 14 seconds, 390 milliseconds.[0m[0m
[0m[[0minfo[0m] [0m[36mTotal number of tests run: 2[0m[0m
[0m[[0minfo[0m] [0m[36mSuites: completed 2, aborted 0[0m[0m
[0m[[0minfo[0m] [0m[36mTests: succeeded 1, failed 1, canceled 0, ignored 0, pending 0[0m[0m
[0m[[0minfo[0m] [0m[31m*** 1 TEST FAILED ***[0m[0m
[0m[[0mdebug[0m] [0mSummary for JUnit not available.[0m
[0m[[31merror[0m] [0mFailed: Total 2, Failed 1, Errors 0, Passed 1[0m
[0m[[0mdebug[0m] [0mPassed tests:[0m
[0m[[0mdebug[0m] [0m	steps.Trainline[0m
[0m[[31merror[0m] [0mFailed tests:[0m
[0m[[31merror[0m] [0m	steps.NegativeTrainline[0m
[0m[[31merror[0m] [0m(test:[31mtestOnly[0m) sbt.TestsFailedException: Tests unsuccessful[0m
